2017-05-09 14:02:34,470 [INFO] from play.api.Play in ForkJoinPool-1-worker-1 - Application started (Dev)
2017-05-09 14:02:35,092 [DEBUG] from application.ErrorHandler in application-akka.actor.default-dispatcher-5 - onClientError: statusCode = 404, uri = /favicon.ico, message = 
2017-05-10 16:39:40,385 [INFO] from play.api.Play in application-akka.actor.default-dispatcher-6 - Application started (Dev)
2017-05-10 16:39:40,497 [DEBUG] from application.ErrorHandler in application-akka.actor.default-dispatcher-4 - onClientError: statusCode = 404, uri = /assets/visual-pool.css, message = Resource not found by Assets controller
2017-05-10 16:39:40,503 [DEBUG] from application.ErrorHandler in application-akka.actor.default-dispatcher-6 - onClientError: statusCode = 404, uri = /assets/visual-pool.css, message = Resource not found by Assets controller
2017-05-10 16:39:40,508 [DEBUG] from application.ErrorHandler in application-akka.actor.default-dispatcher-2 - onClientError: statusCode = 404, uri = /assets/vendor.css, message = Resource not found by Assets controller
2017-05-10 16:39:40,511 [DEBUG] from application.ErrorHandler in application-akka.actor.default-dispatcher-6 - onClientError: statusCode = 404, uri = /assets/vendor.css, message = Resource not found by Assets controller
2017-05-10 16:39:52,172 [DEBUG] from application.ErrorHandler in application-akka.actor.default-dispatcher-4 - onClientError: statusCode = 404, uri = /assets/vendor.css, message = Resource not found by Assets controller
2017-05-10 16:39:52,173 [DEBUG] from application.ErrorHandler in application-akka.actor.default-dispatcher-2 - onClientError: statusCode = 404, uri = /assets/visual-pool.css, message = Resource not found by Assets controller
2017-05-10 16:39:52,263 [DEBUG] from application.ErrorHandler in application-akka.actor.default-dispatcher-4 - onClientError: statusCode = 404, uri = /dist/purify.min.js.map, message = 
2017-05-10 16:41:11,415 [INFO] from play.api.Play in application-akka.actor.default-dispatcher-3 - Application started (Dev)
2017-05-10 16:41:11,451 [DEBUG] from application.ErrorHandler in application-akka.actor.default-dispatcher-4 - onClientError: statusCode = 404, uri = /vendor.css, message = 
2017-05-10 16:41:11,456 [DEBUG] from application.ErrorHandler in application-akka.actor.default-dispatcher-4 - onClientError: statusCode = 404, uri = /visual-pool.css, message = 
2017-05-10 16:41:11,609 [DEBUG] from application.ErrorHandler in application-akka.actor.default-dispatcher-4 - onClientError: statusCode = 404, uri = /vendor.css, message = 
2017-05-10 16:41:11,614 [DEBUG] from application.ErrorHandler in application-akka.actor.default-dispatcher-2 - onClientError: statusCode = 404, uri = /visual-pool.css, message = 
2017-05-10 16:41:12,073 [DEBUG] from application.ErrorHandler in application-akka.actor.default-dispatcher-4 - onClientError: statusCode = 404, uri = /dist/purify.min.js.map, message = 
2017-05-10 16:44:16,781 [INFO] from play.api.Play in application-akka.actor.default-dispatcher-5 - Application started (Dev)
2017-05-10 16:44:17,187 [DEBUG] from application.ErrorHandler in application-akka.actor.default-dispatcher-3 - onClientError: statusCode = 404, uri = /dist/purify.min.js.map, message = 
2017-05-10 16:45:30,414 [INFO] from play.api.Play in application-akka.actor.default-dispatcher-5 - Application started (Dev)
2017-05-10 16:45:30,723 [DEBUG] from application.ErrorHandler in application-akka.actor.default-dispatcher-11 - onClientError: statusCode = 404, uri = /dist/purify.min.js.map, message = 
2017-05-10 16:45:31,619 [DEBUG] from application.ErrorHandler in application-akka.actor.default-dispatcher-11 - onClientError: statusCode = 404, uri = /fonts/glyphicons-halflings-regular.woff2, message = 
2017-05-10 16:45:33,007 [DEBUG] from application.ErrorHandler in application-akka.actor.default-dispatcher-6 - onClientError: statusCode = 404, uri = /dist/purify.min.js.map, message = 
2017-05-10 16:45:33,017 [DEBUG] from application.ErrorHandler in application-akka.actor.default-dispatcher-11 - onClientError: statusCode = 404, uri = /fonts/glyphicons-halflings-regular.woff, message = 
2017-05-10 16:45:33,086 [DEBUG] from application.ErrorHandler in application-akka.actor.default-dispatcher-11 - onClientError: statusCode = 404, uri = /fonts/glyphicons-halflings-regular.ttf, message = 
